{"E:\\vuejs\\geo-viewer\\src\\App.vue": {"path":"E:\\vuejs\\geo-viewer\\src\\App.vue","statementMap":{"0":{"start":{"line":8,"column":0},"end":{"line":8,"column":null}}},"fnMap":{},"branchMap":{},"s":{"0":0},"f":{},"b":{}}
,"E:\\vuejs\\geo-viewer\\src\\components\\BaseMap.vue": {"path":"E:\\vuejs\\geo-viewer\\src\\components\\BaseMap.vue","statementMap":{"0":{"start":{"line":6,"column":0},"end":{"line":6,"column":null}},"1":{"start":{"line":11,"column":0},"end":{"line":11,"column":null}},"2":{"start":{"line":24,"column":0},"end":{"line":24,"column":null}},"3":{"start":{"line":26,"column":0},"end":{"line":26,"column":null}},"4":{"start":{"line":33,"column":0},"end":{"line":33,"column":null}},"5":{"start":{"line":34,"column":0},"end":{"line":34,"column":null}},"6":{"start":{"line":36,"column":0},"end":{"line":36,"column":null}},"7":{"start":{"line":40,"column":0},"end":{"line":40,"column":null}},"8":{"start":{"line":47,"column":0},"end":{"line":47,"column":null}}},"fnMap":{"0":{"name":"data","decl":{"start":{"line":10,"column":0},"end":{"line":10,"column":null}},"loc":{"start":{"line":10,"column":0},"end":{"line":14,"column":null}}},"1":{"name":"handler","decl":{"start":{"line":18,"column":0},"end":{"line":18,"column":null}},"loc":{"start":{"line":18,"column":0},"end":{"line":20,"column":null}}},"2":{"name":"mounted","decl":{"start":{"line":23,"column":0},"end":{"line":23,"column":null}},"loc":{"start":{"line":23,"column":0},"end":{"line":48,"column":null}}}},"branchMap":{},"s":{"0":0,"1":0,"2":0,"3":0,"4":0,"5":0,"6":0,"7":0,"8":0},"f":{"0":0,"1":0,"2":0},"b":{}}
,"E:\\vuejs\\geo-viewer\\src\\components\\GeoViewer.vue": {"path":"E:\\vuejs\\geo-viewer\\src\\components\\GeoViewer.vue","statementMap":{"0":{"start":{"line":40,"column":0},"end":{"line":40,"column":null}},"1":{"start":{"line":41,"column":0},"end":{"line":41,"column":null}},"2":{"start":{"line":42,"column":0},"end":{"line":42,"column":null}},"3":{"start":{"line":50,"column":0},"end":{"line":50,"column":null}},"4":{"start":{"line":51,"column":0},"end":{"line":51,"column":null}},"5":{"start":{"line":61,"column":0},"end":{"line":61,"column":null}},"6":{"start":{"line":64,"column":0},"end":{"line":64,"column":null}},"7":{"start":{"line":67,"column":0},"end":{"line":67,"column":null}},"8":{"start":{"line":70,"column":0},"end":{"line":70,"column":null}},"9":{"start":{"line":78,"column":0},"end":{"line":78,"column":null}},"10":{"start":{"line":83,"column":0},"end":{"line":83,"column":null}},"11":{"start":{"line":84,"column":0},"end":{"line":84,"column":null}},"12":{"start":{"line":89,"column":0},"end":{"line":89,"column":null}},"13":{"start":{"line":90,"column":0},"end":{"line":95,"column":null}},"14":{"start":{"line":91,"column":0},"end":{"line":91,"column":null}},"15":{"start":{"line":92,"column":0},"end":{"line":92,"column":null}},"16":{"start":{"line":99,"column":0},"end":{"line":99,"column":null}},"17":{"start":{"line":100,"column":0},"end":{"line":105,"column":null}},"18":{"start":{"line":101,"column":0},"end":{"line":101,"column":null}},"19":{"start":{"line":102,"column":0},"end":{"line":102,"column":null}}},"fnMap":{"0":{"name":"data","decl":{"start":{"line":48,"column":0},"end":{"line":48,"column":null}},"loc":{"start":{"line":48,"column":0},"end":{"line":54,"column":null}}},"1":{"name":"tabs","decl":{"start":{"line":60,"column":0},"end":{"line":60,"column":null}},"loc":{"start":{"line":60,"column":0},"end":{"line":62,"column":null}}},"2":{"name":"count","decl":{"start":{"line":63,"column":0},"end":{"line":63,"column":null}},"loc":{"start":{"line":63,"column":0},"end":{"line":65,"column":null}}},"3":{"name":"mapLoaded","decl":{"start":{"line":66,"column":0},"end":{"line":66,"column":null}},"loc":{"start":{"line":66,"column":0},"end":{"line":68,"column":null}}},"4":{"name":"getIsLandscape","decl":{"start":{"line":69,"column":0},"end":{"line":69,"column":null}},"loc":{"start":{"line":69,"column":0},"end":{"line":71,"column":null}}},"5":{"name":"handler","decl":{"start":{"line":77,"column":0},"end":{"line":77,"column":null}},"loc":{"start":{"line":77,"column":0},"end":{"line":79,"column":null}}},"6":{"name":"mounted","decl":{"start":{"line":82,"column":0},"end":{"line":82,"column":null}},"loc":{"start":{"line":82,"column":0},"end":{"line":85,"column":null}}},"7":{"name":"handleBackBtn","decl":{"start":{"line":88,"column":0},"end":{"line":88,"column":null}},"loc":{"start":{"line":88,"column":0},"end":{"line":96,"column":null}}},"8":{"name":"callback","decl":{"start":{"line":98,"column":0},"end":{"line":98,"column":null}},"loc":{"start":{"line":98,"column":0},"end":{"line":106,"column":null}}}},"branchMap":{"0":{"loc":{"start":{"line":90,"column":0},"end":{"line":95,"column":null}},"type":"if","locations":[{"start":{"line":90,"column":0},"end":{"line":95,"column":null}},{"start":{"line":90,"column":0},"end":{"line":95,"column":null}}]},"1":{"loc":{"start":{"line":100,"column":0},"end":{"line":105,"column":null}},"type":"if","locations":[{"start":{"line":100,"column":0},"end":{"line":105,"column":null}},{"start":{"line":100,"column":0},"end":{"line":105,"column":null}}]}},"s":{"0":0,"1":0,"2":0,"3":0,"4":0,"5":0,"6":0,"7":0,"8":0,"9":0,"10":0,"11":0,"12":0,"13":0,"14":0,"15":0,"16":0,"17":0,"18":0,"19":0},"f":{"0":0,"1":0,"2":0,"3":0,"4":0,"5":0,"6":0,"7":0,"8":0},"b":{"0":[0,0],"1":[0,0]}}
,"E:\\vuejs\\geo-viewer\\src\\components\\MapBox.vue": {"path":"E:\\vuejs\\geo-viewer\\src\\components\\MapBox.vue","statementMap":{"0":{"start":{"line":22,"column":0},"end":{"line":22,"column":null}},"1":{"start":{"line":23,"column":0},"end":{"line":23,"column":null}},"2":{"start":{"line":24,"column":0},"end":{"line":24,"column":null}},"3":{"start":{"line":47,"column":0},"end":{"line":47,"column":null}},"4":{"start":{"line":51,"column":0},"end":{"line":51,"column":null}},"5":{"start":{"line":69,"column":0},"end":{"line":69,"column":null}},"6":{"start":{"line":74,"column":0},"end":{"line":74,"column":null}}},"fnMap":{"0":{"name":"geoJsonData","decl":{"start":{"line":46,"column":0},"end":{"line":46,"column":null}},"loc":{"start":{"line":46,"column":0},"end":{"line":48,"column":null}}},"1":{"name":"geoJsonLayer","decl":{"start":{"line":50,"column":0},"end":{"line":50,"column":null}},"loc":{"start":{"line":50,"column":0},"end":{"line":65,"column":null}}},"2":{"name":"created","decl":{"start":{"line":67,"column":0},"end":{"line":67,"column":null}},"loc":{"start":{"line":67,"column":0},"end":{"line":70,"column":null}}},"3":{"name":"handleOnLoad","decl":{"start":{"line":73,"column":0},"end":{"line":73,"column":null}},"loc":{"start":{"line":73,"column":0},"end":{"line":75,"column":null}}}},"branchMap":{},"s":{"0":0,"1":0,"2":0,"3":0,"4":0,"5":0,"6":0},"f":{"0":0,"1":0,"2":0,"3":0},"b":{}}
,"E:\\vuejs\\geo-viewer\\src\\components\\SideBar.vue": {"path":"E:\\vuejs\\geo-viewer\\src\\components\\SideBar.vue","statementMap":{"0":{"start":{"line":23,"column":0},"end":{"line":23,"column":null}},"1":{"start":{"line":24,"column":0},"end":{"line":24,"column":null}},"2":{"start":{"line":25,"column":0},"end":{"line":25,"column":null}},"3":{"start":{"line":26,"column":0},"end":{"line":26,"column":null}}},"fnMap":{"0":{"name":"mounted","decl":{"start":{"line":42,"column":0},"end":{"line":42,"column":null}},"loc":{"start":{"line":42,"column":0},"end":{"line":42,"column":null}}}},"branchMap":{},"s":{"0":1,"1":1,"2":1,"3":1},"f":{"0":2},"b":{}}
,"E:\\vuejs\\geo-viewer\\src\\components\\SwtichOption.vue": {"path":"E:\\vuejs\\geo-viewer\\src\\components\\SwtichOption.vue","statementMap":{"0":{"start":{"line":18,"column":0},"end":{"line":18,"column":null}},"1":{"start":{"line":19,"column":0},"end":{"line":19,"column":null}},"2":{"start":{"line":20,"column":0},"end":{"line":20,"column":null}},"3":{"start":{"line":21,"column":0},"end":{"line":21,"column":null}},"4":{"start":{"line":22,"column":0},"end":{"line":22,"column":null}},"5":{"start":{"line":40,"column":0},"end":{"line":40,"column":null}},"6":{"start":{"line":43,"column":0},"end":{"line":43,"column":null}},"7":{"start":{"line":44,"column":0},"end":{"line":44,"column":null}},"8":{"start":{"line":50,"column":0},"end":{"line":50,"column":null}}},"fnMap":{"0":{"name":"set","decl":{"start":{"line":39,"column":0},"end":{"line":39,"column":null}},"loc":{"start":{"line":39,"column":0},"end":{"line":41,"column":null}}},"1":{"name":"get","decl":{"start":{"line":42,"column":0},"end":{"line":42,"column":null}},"loc":{"start":{"line":42,"column":0},"end":{"line":45,"column":null}}},"2":{"name":"handleDisabledChange","decl":{"start":{"line":49,"column":0},"end":{"line":49,"column":null}},"loc":{"start":{"line":49,"column":0},"end":{"line":51,"column":null}}}},"branchMap":{},"s":{"0":1,"1":1,"2":1,"3":1,"4":1,"5":0,"6":0,"7":0,"8":0},"f":{"0":0,"1":0,"2":0},"b":{}}
,"E:\\vuejs\\geo-viewer\\src\\components\\filters\\AutoComplete.vue": {"path":"E:\\vuejs\\geo-viewer\\src\\components\\filters\\AutoComplete.vue","statementMap":{"0":{"start":{"line":50,"column":0},"end":{"line":50,"column":null}},"1":{"start":{"line":61,"column":0},"end":{"line":61,"column":null}},"2":{"start":{"line":72,"column":0},"end":{"line":72,"column":null}},"3":{"start":{"line":75,"column":0},"end":{"line":75,"column":null}},"4":{"start":{"line":76,"column":0},"end":{"line":76,"column":null}},"5":{"start":{"line":87,"column":0},"end":{"line":87,"column":null}},"6":{"start":{"line":93,"column":0},"end":{"line":93,"column":null}}},"fnMap":{"0":{"name":"data","decl":{"start":{"line":60,"column":0},"end":{"line":60,"column":null}},"loc":{"start":{"line":60,"column":0},"end":{"line":64,"column":null}}},"1":{"name":"set","decl":{"start":{"line":71,"column":0},"end":{"line":71,"column":null}},"loc":{"start":{"line":71,"column":0},"end":{"line":73,"column":null}}},"2":{"name":"get","decl":{"start":{"line":74,"column":0},"end":{"line":74,"column":null}},"loc":{"start":{"line":74,"column":0},"end":{"line":77,"column":null}}},"3":{"name":"filterOption","decl":{"start":{"line":86,"column":0},"end":{"line":86,"column":null}},"loc":{"start":{"line":86,"column":0},"end":{"line":90,"column":null}}},"4":{"name":"handleSelect","decl":{"start":{"line":92,"column":0},"end":{"line":92,"column":null}},"loc":{"start":{"line":92,"column":0},"end":{"line":94,"column":null}}}},"branchMap":{},"s":{"0":1,"1":0,"2":0,"3":0,"4":0,"5":0,"6":0},"f":{"0":0,"1":0,"2":0,"3":0,"4":0},"b":{}}
,"E:\\vuejs\\geo-viewer\\src\\components\\filters\\CheckBox.vue": {"path":"E:\\vuejs\\geo-viewer\\src\\components\\filters\\CheckBox.vue","statementMap":{"0":{"start":{"line":7,"column":0},"end":{"line":7,"column":null}},"1":{"start":{"line":20,"column":0},"end":{"line":20,"column":null}},"2":{"start":{"line":23,"column":0},"end":{"line":23,"column":null}},"3":{"start":{"line":24,"column":0},"end":{"line":24,"column":null}}},"fnMap":{"0":{"name":"set","decl":{"start":{"line":19,"column":0},"end":{"line":19,"column":null}},"loc":{"start":{"line":19,"column":0},"end":{"line":21,"column":null}}},"1":{"name":"get","decl":{"start":{"line":22,"column":0},"end":{"line":22,"column":null}},"loc":{"start":{"line":22,"column":0},"end":{"line":25,"column":null}}}},"branchMap":{},"s":{"0":2,"1":0,"2":3,"3":0},"f":{"0":0,"1":3},"b":{}}
,"E:\\vuejs\\geo-viewer\\src\\components\\filters\\DoubleRange.vue": {"path":"E:\\vuejs\\geo-viewer\\src\\components\\filters\\DoubleRange.vue","statementMap":{"0":{"start":{"line":18,"column":0},"end":{"line":18,"column":null}},"1":{"start":{"line":36,"column":0},"end":{"line":36,"column":null}},"2":{"start":{"line":39,"column":0},"end":{"line":39,"column":null}},"3":{"start":{"line":40,"column":0},"end":{"line":40,"column":null}},"4":{"start":{"line":47,"column":0},"end":{"line":47,"column":null}}},"fnMap":{"0":{"name":"set","decl":{"start":{"line":35,"column":0},"end":{"line":35,"column":null}},"loc":{"start":{"line":35,"column":0},"end":{"line":37,"column":null}}},"1":{"name":"get","decl":{"start":{"line":38,"column":0},"end":{"line":38,"column":null}},"loc":{"start":{"line":38,"column":0},"end":{"line":41,"column":null}}},"2":{"name":"handleDisabledChange","decl":{"start":{"line":46,"column":0},"end":{"line":46,"column":null}},"loc":{"start":{"line":46,"column":0},"end":{"line":48,"column":null}}}},"branchMap":{},"s":{"0":2,"1":0,"2":0,"3":0,"4":0},"f":{"0":0,"1":0,"2":0},"b":{}}
,"E:\\vuejs\\geo-viewer\\src\\components\\filters\\RangePicker.vue": {"path":"E:\\vuejs\\geo-viewer\\src\\components\\filters\\RangePicker.vue","statementMap":{"0":{"start":{"line":14,"column":0},"end":{"line":14,"column":null}},"1":{"start":{"line":21,"column":0},"end":{"line":21,"column":null}},"2":{"start":{"line":32,"column":0},"end":{"line":32,"column":null}},"3":{"start":{"line":35,"column":0},"end":{"line":35,"column":null}},"4":{"start":{"line":36,"column":0},"end":{"line":36,"column":null}},"5":{"start":{"line":43,"column":0},"end":{"line":43,"column":null}},"6":{"start":{"line":44,"column":0},"end":{"line":47,"column":null}},"7":{"start":{"line":45,"column":0},"end":{"line":45,"column":null}},"8":{"start":{"line":46,"column":0},"end":{"line":46,"column":null}},"9":{"start":{"line":48,"column":0},"end":{"line":48,"column":null}}},"fnMap":{"0":{"name":"data","decl":{"start":{"line":20,"column":0},"end":{"line":20,"column":null}},"loc":{"start":{"line":20,"column":0},"end":{"line":24,"column":null}}},"1":{"name":"set","decl":{"start":{"line":31,"column":0},"end":{"line":31,"column":null}},"loc":{"start":{"line":31,"column":0},"end":{"line":33,"column":null}}},"2":{"name":"get","decl":{"start":{"line":34,"column":0},"end":{"line":34,"column":null}},"loc":{"start":{"line":34,"column":0},"end":{"line":37,"column":null}}},"3":{"name":"getCurrentStyle","decl":{"start":{"line":42,"column":0},"end":{"line":42,"column":null}},"loc":{"start":{"line":42,"column":0},"end":{"line":49,"column":null}}}},"branchMap":{"0":{"loc":{"start":{"line":44,"column":0},"end":{"line":47,"column":null}},"type":"if","locations":[{"start":{"line":44,"column":0},"end":{"line":47,"column":null}},{"start":{"line":44,"column":0},"end":{"line":47,"column":null}}]}},"s":{"0":2,"1":2,"2":0,"3":2,"4":0,"5":0,"6":0,"7":0,"8":0,"9":0},"f":{"0":2,"1":0,"2":2,"3":0},"b":{"0":[0,0]}}
,"E:\\vuejs\\geo-viewer\\src\\store\\store.js": {"path":"E:\\vuejs\\geo-viewer\\src\\store\\store.js","statementMap":{"0":{"start":{"line":5,"column":0},"end":{"line":5,"column":13}},"1":{"start":{"line":12,"column":19},"end":{"line":22,"column":1}},"2":{"start":{"line":13,"column":2},"end":{"line":20,"column":3}},"3":{"start":{"line":14,"column":21},"end":{"line":14,"column":24}},"4":{"start":{"line":15,"column":6},"end":{"line":19,"column":7}},"5":{"start":{"line":16,"column":10},"end":{"line":16,"column":46}},"6":{"start":{"line":18,"column":10},"end":{"line":18,"column":35}},"7":{"start":{"line":21,"column":2},"end":{"line":21,"column":13}},"8":{"start":{"line":24,"column":21},"end":{"line":498,"column":2}},"9":{"start":{"line":219,"column":6},"end":{"line":219,"column":40}},"10":{"start":{"line":222,"column":6},"end":{"line":222,"column":40}},"11":{"start":{"line":225,"column":6},"end":{"line":225,"column":37}},"12":{"start":{"line":228,"column":6},"end":{"line":228,"column":37}},"13":{"start":{"line":231,"column":6},"end":{"line":231,"column":36}},"14":{"start":{"line":234,"column":6},"end":{"line":234,"column":46}},"15":{"start":{"line":237,"column":6},"end":{"line":237,"column":35}},"16":{"start":{"line":240,"column":6},"end":{"line":240,"column":33}},"17":{"start":{"line":243,"column":6},"end":{"line":243,"column":36}},"18":{"start":{"line":247,"column":20},"end":{"line":247,"column":22}},"19":{"start":{"line":249,"column":6},"end":{"line":256,"column":8}},"20":{"start":{"line":250,"column":22},"end":{"line":252,"column":12}},"21":{"start":{"line":251,"column":12},"end":{"line":251,"column":65}},"22":{"start":{"line":253,"column":10},"end":{"line":255,"column":11}},"23":{"start":{"line":254,"column":12},"end":{"line":254,"column":42}},"24":{"start":{"line":259,"column":6},"end":{"line":261,"column":8}},"25":{"start":{"line":260,"column":8},"end":{"line":260,"column":135}},"26":{"start":{"line":263,"column":6},"end":{"line":263,"column":21}},"27":{"start":{"line":267,"column":6},"end":{"line":267,"column":37}},"28":{"start":{"line":270,"column":31},"end":{"line":282,"column":5}},"29":{"start":{"line":272,"column":6},"end":{"line":280,"column":8}},"30":{"start":{"line":273,"column":8},"end":{"line":278,"column":10}},"31":{"start":{"line":274,"column":10},"end":{"line":277,"column":11}},"32":{"start":{"line":275,"column":12},"end":{"line":275,"column":43}},"33":{"start":{"line":276,"column":12},"end":{"line":276,"column":18}},"34":{"start":{"line":279,"column":8},"end":{"line":279,"column":14}},"35":{"start":{"line":281,"column":6},"end":{"line":281,"column":19}},"36":{"start":{"line":284,"column":28},"end":{"line":296,"column":5}},"37":{"start":{"line":286,"column":6},"end":{"line":294,"column":8}},"38":{"start":{"line":287,"column":8},"end":{"line":292,"column":10}},"39":{"start":{"line":288,"column":10},"end":{"line":291,"column":11}},"40":{"start":{"line":289,"column":12},"end":{"line":289,"column":49}},"41":{"start":{"line":290,"column":12},"end":{"line":290,"column":18}},"42":{"start":{"line":293,"column":8},"end":{"line":293,"column":14}},"43":{"start":{"line":295,"column":6},"end":{"line":295,"column":22}},"44":{"start":{"line":298,"column":6},"end":{"line":300,"column":12}},"45":{"start":{"line":299,"column":8},"end":{"line":299,"column":26}},"46":{"start":{"line":304,"column":6},"end":{"line":306,"column":8}},"47":{"start":{"line":305,"column":9},"end":{"line":305,"column":47}},"48":{"start":{"line":310,"column":15},"end":{"line":310,"column":17}},"49":{"start":{"line":311,"column":16},"end":{"line":311,"column":18}},"50":{"start":{"line":314,"column":6},"end":{"line":327,"column":8}},"51":{"start":{"line":315,"column":20},"end":{"line":315,"column":54}},"52":{"start":{"line":316,"column":23},"end":{"line":316,"column":60}},"53":{"start":{"line":318,"column":8},"end":{"line":326,"column":9}},"54":{"start":{"line":319,"column":10},"end":{"line":323,"column":11}},"55":{"start":{"line":320,"column":12},"end":{"line":320,"column":30}},"56":{"start":{"line":322,"column":12},"end":{"line":322,"column":32}},"57":{"start":{"line":325,"column":10},"end":{"line":325,"column":23}},"58":{"start":{"line":330,"column":6},"end":{"line":336,"column":9}},"59":{"start":{"line":331,"column":21},"end":{"line":331,"column":23}},"60":{"start":{"line":332,"column":8},"end":{"line":334,"column":11}},"61":{"start":{"line":333,"column":10},"end":{"line":333,"column":61}},"62":{"start":{"line":335,"column":8},"end":{"line":335,"column":49}},"63":{"start":{"line":338,"column":6},"end":{"line":338,"column":17}},"64":{"start":{"line":343,"column":6},"end":{"line":343,"column":40}},"65":{"start":{"line":346,"column":6},"end":{"line":346,"column":40}},"66":{"start":{"line":349,"column":6},"end":{"line":349,"column":38}},"67":{"start":{"line":352,"column":6},"end":{"line":352,"column":40}},"68":{"start":{"line":355,"column":6},"end":{"line":355,"column":35}},"69":{"start":{"line":358,"column":6},"end":{"line":358,"column":38}},"70":{"start":{"line":361,"column":6},"end":{"line":361,"column":38}},"71":{"start":{"line":365,"column":6},"end":{"line":371,"column":8}},"72":{"start":{"line":366,"column":8},"end":{"line":370,"column":10}},"73":{"start":{"line":367,"column":10},"end":{"line":369,"column":11}},"74":{"start":{"line":368,"column":12},"end":{"line":368,"column":47}},"75":{"start":{"line":375,"column":6},"end":{"line":381,"column":8}},"76":{"start":{"line":376,"column":8},"end":{"line":380,"column":10}},"77":{"start":{"line":377,"column":10},"end":{"line":379,"column":11}},"78":{"start":{"line":378,"column":12},"end":{"line":378,"column":53}},"79":{"start":{"line":385,"column":6},"end":{"line":385,"column":37}},"80":{"start":{"line":391,"column":22},"end":{"line":391,"column":62}},"81":{"start":{"line":392,"column":6},"end":{"line":396,"column":8}},"82":{"start":{"line":393,"column":8},"end":{"line":395,"column":9}},"83":{"start":{"line":394,"column":10},"end":{"line":394,"column":64}},"84":{"start":{"line":401,"column":22},"end":{"line":401,"column":48}},"85":{"start":{"line":407,"column":16},"end":{"line":407,"column":23}},"86":{"start":{"line":409,"column":6},"end":{"line":409,"column":55}},"87":{"start":{"line":416,"column":6},"end":{"line":462,"column":8}},"88":{"start":{"line":417,"column":21},"end":{"line":417,"column":32}},"89":{"start":{"line":418,"column":22},"end":{"line":418,"column":34}},"90":{"start":{"line":419,"column":21},"end":{"line":419,"column":32}},"91":{"start":{"line":422,"column":8},"end":{"line":461,"column":9}},"92":{"start":{"line":424,"column":10},"end":{"line":456,"column":11}},"93":{"start":{"line":425,"column":12},"end":{"line":429,"column":13}},"94":{"start":{"line":426,"column":28},"end":{"line":426,"column":93}},"95":{"start":{"line":427,"column":29},"end":{"line":427,"column":94}},"96":{"start":{"line":428,"column":14},"end":{"line":428,"column":38}},"97":{"start":{"line":431,"column":16},"end":{"line":456,"column":11}},"98":{"start":{"line":432,"column":26},"end":{"line":432,"column":87}},"99":{"start":{"line":433,"column":12},"end":{"line":433,"column":28}},"100":{"start":{"line":435,"column":16},"end":{"line":456,"column":11}},"101":{"start":{"line":436,"column":12},"end":{"line":455,"column":13}},"102":{"start":{"line":437,"column":14},"end":{"line":445,"column":15}},"103":{"start":{"line":438,"column":30},"end":{"line":438,"column":47}},"104":{"start":{"line":439,"column":34},"end":{"line":439,"column":67}},"105":{"start":{"line":440,"column":35},"end":{"line":440,"column":86}},"106":{"start":{"line":441,"column":33},"end":{"line":441,"column":79}},"107":{"start":{"line":442,"column":34},"end":{"line":442,"column":63}},"108":{"start":{"line":443,"column":30},"end":{"line":443,"column":246}},"109":{"start":{"line":444,"column":16},"end":{"line":444,"column":32}},"110":{"start":{"line":446,"column":14},"end":{"line":454,"column":15}},"111":{"start":{"line":447,"column":28},"end":{"line":447,"column":45}},"112":{"start":{"line":448,"column":32},"end":{"line":448,"column":63}},"113":{"start":{"line":449,"column":33},"end":{"line":449,"column":82}},"114":{"start":{"line":450,"column":31},"end":{"line":450,"column":75}},"115":{"start":{"line":451,"column":32},"end":{"line":451,"column":55}},"116":{"start":{"line":452,"column":30},"end":{"line":452,"column":244}},"117":{"start":{"line":453,"column":16},"end":{"line":453,"column":32}},"118":{"start":{"line":458,"column":14},"end":{"line":461,"column":9}},"119":{"start":{"line":459,"column":24},"end":{"line":459,"column":71}},"120":{"start":{"line":460,"column":10},"end":{"line":460,"column":26}},"121":{"start":{"line":465,"column":6},"end":{"line":465,"column":42}},"122":{"start":{"line":471,"column":21},"end":{"line":471,"column":61}},"123":{"start":{"line":473,"column":20},"end":{"line":473,"column":46}},"124":{"start":{"line":475,"column":6},"end":{"line":491,"column":8}},"125":{"start":{"line":476,"column":21},"end":{"line":476,"column":32}},"126":{"start":{"line":477,"column":22},"end":{"line":477,"column":34}},"127":{"start":{"line":479,"column":8},"end":{"line":490,"column":10}},"128":{"start":{"line":480,"column":26},"end":{"line":480,"column":40}},"129":{"start":{"line":481,"column":10},"end":{"line":489,"column":11}},"130":{"start":{"line":482,"column":12},"end":{"line":488,"column":13}},"131":{"start":{"line":483,"column":14},"end":{"line":483,"column":75}},"132":{"start":{"line":484,"column":18},"end":{"line":488,"column":13}},"133":{"start":{"line":485,"column":14},"end":{"line":485,"column":27}},"134":{"start":{"line":486,"column":18},"end":{"line":488,"column":13}},"135":{"start":{"line":487,"column":14},"end":{"line":487,"column":27}},"136":{"start":{"line":493,"column":6},"end":{"line":493,"column":46}},"137":{"start":{"line":495,"column":6},"end":{"line":495,"column":22}}},"fnMap":{"0":{"name":"(anonymous_0)","decl":{"start":{"line":12,"column":19},"end":{"line":12,"column":20}},"loc":{"start":{"line":12,"column":51},"end":{"line":22,"column":1}},"line":12},"1":{"name":"(anonymous_1)","decl":{"start":{"line":218,"column":4},"end":{"line":218,"column":5}},"loc":{"start":{"line":218,"column":27},"end":{"line":220,"column":5}},"line":218},"2":{"name":"(anonymous_2)","decl":{"start":{"line":221,"column":4},"end":{"line":221,"column":5}},"loc":{"start":{"line":221,"column":27},"end":{"line":223,"column":5}},"line":221},"3":{"name":"(anonymous_3)","decl":{"start":{"line":224,"column":4},"end":{"line":224,"column":5}},"loc":{"start":{"line":224,"column":24},"end":{"line":226,"column":5}},"line":224},"4":{"name":"(anonymous_4)","decl":{"start":{"line":227,"column":4},"end":{"line":227,"column":5}},"loc":{"start":{"line":227,"column":24},"end":{"line":229,"column":5}},"line":227},"5":{"name":"(anonymous_5)","decl":{"start":{"line":230,"column":4},"end":{"line":230,"column":5}},"loc":{"start":{"line":230,"column":23},"end":{"line":232,"column":5}},"line":230},"6":{"name":"(anonymous_6)","decl":{"start":{"line":233,"column":4},"end":{"line":233,"column":5}},"loc":{"start":{"line":233,"column":33},"end":{"line":235,"column":5}},"line":233},"7":{"name":"(anonymous_7)","decl":{"start":{"line":236,"column":4},"end":{"line":236,"column":5}},"loc":{"start":{"line":236,"column":22},"end":{"line":238,"column":5}},"line":236},"8":{"name":"(anonymous_8)","decl":{"start":{"line":239,"column":4},"end":{"line":239,"column":5}},"loc":{"start":{"line":239,"column":20},"end":{"line":241,"column":5}},"line":239},"9":{"name":"(anonymous_9)","decl":{"start":{"line":242,"column":4},"end":{"line":242,"column":5}},"loc":{"start":{"line":242,"column":23},"end":{"line":244,"column":5}},"line":242},"10":{"name":"(anonymous_10)","decl":{"start":{"line":246,"column":4},"end":{"line":246,"column":5}},"loc":{"start":{"line":246,"column":23},"end":{"line":265,"column":5}},"line":246},"11":{"name":"(anonymous_11)","decl":{"start":{"line":249,"column":33},"end":{"line":249,"column":34}},"loc":{"start":{"line":249,"column":42},"end":{"line":256,"column":7}},"line":249},"12":{"name":"(anonymous_12)","decl":{"start":{"line":250,"column":45},"end":{"line":250,"column":46}},"loc":{"start":{"line":250,"column":61},"end":{"line":252,"column":11}},"line":250},"13":{"name":"(anonymous_13)","decl":{"start":{"line":259,"column":28},"end":{"line":259,"column":29}},"loc":{"start":{"line":259,"column":37},"end":{"line":261,"column":7}},"line":259},"14":{"name":"(anonymous_14)","decl":{"start":{"line":266,"column":4},"end":{"line":266,"column":5}},"loc":{"start":{"line":266,"column":24},"end":{"line":268,"column":5}},"line":266},"15":{"name":"(anonymous_15)","decl":{"start":{"line":270,"column":20},"end":{"line":270,"column":21}},"loc":{"start":{"line":270,"column":31},"end":{"line":282,"column":5}},"line":270},"16":{"name":"(anonymous_16)","decl":{"start":{"line":270,"column":31},"end":{"line":270,"column":32}},"loc":{"start":{"line":270,"column":41},"end":{"line":282,"column":5}},"line":270},"17":{"name":"(anonymous_17)","decl":{"start":{"line":272,"column":34},"end":{"line":272,"column":35}},"loc":{"start":{"line":272,"column":42},"end":{"line":280,"column":7}},"line":272},"18":{"name":"(anonymous_18)","decl":{"start":{"line":273,"column":32},"end":{"line":273,"column":33}},"loc":{"start":{"line":273,"column":48},"end":{"line":278,"column":9}},"line":273},"19":{"name":"(anonymous_19)","decl":{"start":{"line":284,"column":17},"end":{"line":284,"column":18}},"loc":{"start":{"line":284,"column":28},"end":{"line":296,"column":5}},"line":284},"20":{"name":"(anonymous_20)","decl":{"start":{"line":284,"column":28},"end":{"line":284,"column":29}},"loc":{"start":{"line":284,"column":38},"end":{"line":296,"column":5}},"line":284},"21":{"name":"(anonymous_21)","decl":{"start":{"line":286,"column":34},"end":{"line":286,"column":35}},"loc":{"start":{"line":286,"column":42},"end":{"line":294,"column":7}},"line":286},"22":{"name":"(anonymous_22)","decl":{"start":{"line":287,"column":32},"end":{"line":287,"column":33}},"loc":{"start":{"line":287,"column":48},"end":{"line":292,"column":9}},"line":287},"23":{"name":"(anonymous_23)","decl":{"start":{"line":297,"column":4},"end":{"line":297,"column":5}},"loc":{"start":{"line":297,"column":27},"end":{"line":301,"column":5}},"line":297},"24":{"name":"(anonymous_24)","decl":{"start":{"line":298,"column":53},"end":{"line":298,"column":54}},"loc":{"start":{"line":298,"column":63},"end":{"line":300,"column":7}},"line":298},"25":{"name":"(anonymous_25)","decl":{"start":{"line":303,"column":4},"end":{"line":303,"column":5}},"loc":{"start":{"line":303,"column":25},"end":{"line":307,"column":5}},"line":303},"26":{"name":"(anonymous_26)","decl":{"start":{"line":304,"column":50},"end":{"line":304,"column":51}},"loc":{"start":{"line":304,"column":59},"end":{"line":306,"column":7}},"line":304},"27":{"name":"(anonymous_27)","decl":{"start":{"line":309,"column":4},"end":{"line":309,"column":5}},"loc":{"start":{"line":309,"column":26},"end":{"line":339,"column":5}},"line":309},"28":{"name":"(anonymous_28)","decl":{"start":{"line":314,"column":47},"end":{"line":314,"column":48}},"loc":{"start":{"line":314,"column":56},"end":{"line":327,"column":7}},"line":314},"29":{"name":"(anonymous_29)","decl":{"start":{"line":330,"column":33},"end":{"line":330,"column":34}},"loc":{"start":{"line":330,"column":42},"end":{"line":336,"column":7}},"line":330},"30":{"name":"(anonymous_30)","decl":{"start":{"line":332,"column":39},"end":{"line":332,"column":40}},"loc":{"start":{"line":332,"column":52},"end":{"line":334,"column":9}},"line":332},"31":{"name":"(anonymous_31)","decl":{"start":{"line":342,"column":4},"end":{"line":342,"column":5}},"loc":{"start":{"line":342,"column":32},"end":{"line":344,"column":5}},"line":342},"32":{"name":"(anonymous_32)","decl":{"start":{"line":345,"column":4},"end":{"line":345,"column":5}},"loc":{"start":{"line":345,"column":32},"end":{"line":347,"column":5}},"line":345},"33":{"name":"(anonymous_33)","decl":{"start":{"line":348,"column":4},"end":{"line":348,"column":5}},"loc":{"start":{"line":348,"column":30},"end":{"line":350,"column":5}},"line":348},"34":{"name":"(anonymous_34)","decl":{"start":{"line":351,"column":4},"end":{"line":351,"column":5}},"loc":{"start":{"line":351,"column":32},"end":{"line":353,"column":5}},"line":351},"35":{"name":"(anonymous_35)","decl":{"start":{"line":354,"column":4},"end":{"line":354,"column":5}},"loc":{"start":{"line":354,"column":27},"end":{"line":356,"column":5}},"line":354},"36":{"name":"(anonymous_36)","decl":{"start":{"line":357,"column":4},"end":{"line":357,"column":5}},"loc":{"start":{"line":357,"column":30},"end":{"line":359,"column":5}},"line":357},"37":{"name":"(anonymous_37)","decl":{"start":{"line":360,"column":4},"end":{"line":360,"column":5}},"loc":{"start":{"line":360,"column":30},"end":{"line":362,"column":5}},"line":360},"38":{"name":"(anonymous_38)","decl":{"start":{"line":364,"column":4},"end":{"line":364,"column":5}},"loc":{"start":{"line":364,"column":32},"end":{"line":372,"column":5}},"line":364},"39":{"name":"(anonymous_39)","decl":{"start":{"line":365,"column":34},"end":{"line":365,"column":35}},"loc":{"start":{"line":365,"column":42},"end":{"line":371,"column":7}},"line":365},"40":{"name":"(anonymous_40)","decl":{"start":{"line":366,"column":32},"end":{"line":366,"column":33}},"loc":{"start":{"line":366,"column":48},"end":{"line":370,"column":9}},"line":366},"41":{"name":"(anonymous_41)","decl":{"start":{"line":374,"column":4},"end":{"line":374,"column":5}},"loc":{"start":{"line":374,"column":29},"end":{"line":382,"column":5}},"line":374},"42":{"name":"(anonymous_42)","decl":{"start":{"line":375,"column":34},"end":{"line":375,"column":35}},"loc":{"start":{"line":375,"column":42},"end":{"line":381,"column":7}},"line":375},"43":{"name":"(anonymous_43)","decl":{"start":{"line":376,"column":32},"end":{"line":376,"column":33}},"loc":{"start":{"line":376,"column":48},"end":{"line":380,"column":9}},"line":376},"44":{"name":"(anonymous_44)","decl":{"start":{"line":384,"column":17},"end":{"line":384,"column":18}},"loc":{"start":{"line":384,"column":34},"end":{"line":386,"column":5}},"line":384},"45":{"name":"(anonymous_45)","decl":{"start":{"line":390,"column":4},"end":{"line":390,"column":5}},"loc":{"start":{"line":390,"column":31},"end":{"line":397,"column":5}},"line":390},"46":{"name":"(anonymous_46)","decl":{"start":{"line":392,"column":21},"end":{"line":392,"column":22}},"loc":{"start":{"line":392,"column":30},"end":{"line":396,"column":7}},"line":392},"47":{"name":"(anonymous_47)","decl":{"start":{"line":399,"column":4},"end":{"line":399,"column":5}},"loc":{"start":{"line":399,"column":26},"end":{"line":466,"column":5}},"line":399},"48":{"name":"(anonymous_48)","decl":{"start":{"line":416,"column":22},"end":{"line":416,"column":23}},"loc":{"start":{"line":416,"column":34},"end":{"line":462,"column":7}},"line":416},"49":{"name":"(anonymous_49)","decl":{"start":{"line":470,"column":4},"end":{"line":470,"column":5}},"loc":{"start":{"line":470,"column":23},"end":{"line":496,"column":5}},"line":470},"50":{"name":"(anonymous_50)","decl":{"start":{"line":475,"column":22},"end":{"line":475,"column":23}},"loc":{"start":{"line":475,"column":34},"end":{"line":491,"column":7}},"line":475},"51":{"name":"(anonymous_51)","decl":{"start":{"line":479,"column":35},"end":{"line":479,"column":36}},"loc":{"start":{"line":479,"column":43},"end":{"line":490,"column":9}},"line":479}},"branchMap":{"0":{"loc":{"start":{"line":12,"column":42},"end":{"line":12,"column":50}},"type":"default-arg","locations":[{"start":{"line":12,"column":48},"end":{"line":12,"column":50}}],"line":12},"1":{"loc":{"start":{"line":15,"column":6},"end":{"line":19,"column":7}},"type":"if","locations":[{"start":{"line":15,"column":6},"end":{"line":19,"column":7}},{"start":{"line":15,"column":6},"end":{"line":19,"column":7}}],"line":15},"2":{"loc":{"start":{"line":251,"column":19},"end":{"line":251,"column":65}},"type":"binary-expr","locations":[{"start":{"line":251,"column":19},"end":{"line":251,"column":36}},{"start":{"line":251,"column":40},"end":{"line":251,"column":65}}],"line":251},"3":{"loc":{"start":{"line":253,"column":10},"end":{"line":255,"column":11}},"type":"if","locations":[{"start":{"line":253,"column":10},"end":{"line":255,"column":11}},{"start":{"line":253,"column":10},"end":{"line":255,"column":11}}],"line":253},"4":{"loc":{"start":{"line":253,"column":13},"end":{"line":253,"column":34}},"type":"binary-expr","locations":[{"start":{"line":253,"column":13},"end":{"line":253,"column":16}},{"start":{"line":253,"column":20},"end":{"line":253,"column":34}}],"line":253},"5":{"loc":{"start":{"line":260,"column":24},"end":{"line":260,"column":84}},"type":"cond-expr","locations":[{"start":{"line":260,"column":47},"end":{"line":260,"column":67}},{"start":{"line":260,"column":70},"end":{"line":260,"column":84}}],"line":260},"6":{"loc":{"start":{"line":274,"column":10},"end":{"line":277,"column":11}},"type":"if","locations":[{"start":{"line":274,"column":10},"end":{"line":277,"column":11}},{"start":{"line":274,"column":10},"end":{"line":277,"column":11}}],"line":274},"7":{"loc":{"start":{"line":288,"column":10},"end":{"line":291,"column":11}},"type":"if","locations":[{"start":{"line":288,"column":10},"end":{"line":291,"column":11}},{"start":{"line":288,"column":10},"end":{"line":291,"column":11}}],"line":288},"8":{"loc":{"start":{"line":318,"column":8},"end":{"line":326,"column":9}},"type":"if","locations":[{"start":{"line":318,"column":8},"end":{"line":326,"column":9}},{"start":{"line":318,"column":8},"end":{"line":326,"column":9}}],"line":318},"9":{"loc":{"start":{"line":319,"column":10},"end":{"line":323,"column":11}},"type":"if","locations":[{"start":{"line":319,"column":10},"end":{"line":323,"column":11}},{"start":{"line":319,"column":10},"end":{"line":323,"column":11}}],"line":319},"10":{"loc":{"start":{"line":367,"column":10},"end":{"line":369,"column":11}},"type":"if","locations":[{"start":{"line":367,"column":10},"end":{"line":369,"column":11}},{"start":{"line":367,"column":10},"end":{"line":369,"column":11}}],"line":367},"11":{"loc":{"start":{"line":377,"column":10},"end":{"line":379,"column":11}},"type":"if","locations":[{"start":{"line":377,"column":10},"end":{"line":379,"column":11}},{"start":{"line":377,"column":10},"end":{"line":379,"column":11}}],"line":377},"12":{"loc":{"start":{"line":393,"column":8},"end":{"line":395,"column":9}},"type":"if","locations":[{"start":{"line":393,"column":8},"end":{"line":395,"column":9}},{"start":{"line":393,"column":8},"end":{"line":395,"column":9}}],"line":393},"13":{"loc":{"start":{"line":422,"column":8},"end":{"line":461,"column":9}},"type":"if","locations":[{"start":{"line":422,"column":8},"end":{"line":461,"column":9}},{"start":{"line":422,"column":8},"end":{"line":461,"column":9}}],"line":422},"14":{"loc":{"start":{"line":424,"column":10},"end":{"line":456,"column":11}},"type":"if","locations":[{"start":{"line":424,"column":10},"end":{"line":456,"column":11}},{"start":{"line":424,"column":10},"end":{"line":456,"column":11}}],"line":424},"15":{"loc":{"start":{"line":425,"column":12},"end":{"line":429,"column":13}},"type":"if","locations":[{"start":{"line":425,"column":12},"end":{"line":429,"column":13}},{"start":{"line":425,"column":12},"end":{"line":429,"column":13}}],"line":425},"16":{"loc":{"start":{"line":431,"column":16},"end":{"line":456,"column":11}},"type":"if","locations":[{"start":{"line":431,"column":16},"end":{"line":456,"column":11}},{"start":{"line":431,"column":16},"end":{"line":456,"column":11}}],"line":431},"17":{"loc":{"start":{"line":435,"column":16},"end":{"line":456,"column":11}},"type":"if","locations":[{"start":{"line":435,"column":16},"end":{"line":456,"column":11}},{"start":{"line":435,"column":16},"end":{"line":456,"column":11}}],"line":435},"18":{"loc":{"start":{"line":436,"column":12},"end":{"line":455,"column":13}},"type":"if","locations":[{"start":{"line":436,"column":12},"end":{"line":455,"column":13}},{"start":{"line":436,"column":12},"end":{"line":455,"column":13}}],"line":436},"19":{"loc":{"start":{"line":437,"column":14},"end":{"line":445,"column":15}},"type":"if","locations":[{"start":{"line":437,"column":14},"end":{"line":445,"column":15}},{"start":{"line":437,"column":14},"end":{"line":445,"column":15}}],"line":437},"20":{"loc":{"start":{"line":446,"column":14},"end":{"line":454,"column":15}},"type":"if","locations":[{"start":{"line":446,"column":14},"end":{"line":454,"column":15}},{"start":{"line":446,"column":14},"end":{"line":454,"column":15}}],"line":446},"21":{"loc":{"start":{"line":458,"column":14},"end":{"line":461,"column":9}},"type":"if","locations":[{"start":{"line":458,"column":14},"end":{"line":461,"column":9}},{"start":{"line":458,"column":14},"end":{"line":461,"column":9}}],"line":458},"22":{"loc":{"start":{"line":481,"column":10},"end":{"line":489,"column":11}},"type":"if","locations":[{"start":{"line":481,"column":10},"end":{"line":489,"column":11}},{"start":{"line":481,"column":10},"end":{"line":489,"column":11}}],"line":481},"23":{"loc":{"start":{"line":482,"column":12},"end":{"line":488,"column":13}},"type":"if","locations":[{"start":{"line":482,"column":12},"end":{"line":488,"column":13}},{"start":{"line":482,"column":12},"end":{"line":488,"column":13}}],"line":482},"24":{"loc":{"start":{"line":483,"column":21},"end":{"line":483,"column":75}},"type":"binary-expr","locations":[{"start":{"line":483,"column":21},"end":{"line":483,"column":46}},{"start":{"line":483,"column":50},"end":{"line":483,"column":75}}],"line":483},"25":{"loc":{"start":{"line":484,"column":18},"end":{"line":488,"column":13}},"type":"if","locations":[{"start":{"line":484,"column":18},"end":{"line":488,"column":13}},{"start":{"line":484,"column":18},"end":{"line":488,"column":13}}],"line":484},"26":{"loc":{"start":{"line":486,"column":18},"end":{"line":488,"column":13}},"type":"if","locations":[{"start":{"line":486,"column":18},"end":{"line":488,"column":13}},{"start":{"line":486,"column":18},"end":{"line":488,"column":13}}],"line":486}},"s":{"0":0,"1":0,"2":0,"3":0,"4":0,"5":0,"6":0,"7":0,"8":0,"9":0,"10":0,"11":0,"12":0,"13":0,"14":0,"15":0,"16":0,"17":0,"18":0,"19":0,"20":0,"21":0,"22":0,"23":0,"24":0,"25":0,"26":0,"27":0,"28":0,"29":0,"30":0,"31":0,"32":0,"33":0,"34":0,"35":0,"36":0,"37":0,"38":0,"39":0,"40":0,"41":0,"42":0,"43":0,"44":0,"45":0,"46":0,"47":0,"48":0,"49":0,"50":0,"51":0,"52":0,"53":0,"54":0,"55":0,"56":0,"57":0,"58":0,"59":0,"60":0,"61":0,"62":0,"63":0,"64":0,"65":0,"66":0,"67":0,"68":0,"69":0,"70":0,"71":0,"72":0,"73":0,"74":0,"75":0,"76":0,"77":0,"78":0,"79":0,"80":0,"81":0,"82":0,"83":0,"84":0,"85":0,"86":0,"87":0,"88":0,"89":0,"90":0,"91":0,"92":0,"93":0,"94":0,"95":0,"96":0,"97":0,"98":0,"99":0,"100":0,"101":0,"102":0,"103":0,"104":0,"105":0,"106":0,"107":0,"108":0,"109":0,"110":0,"111":0,"112":0,"113":0,"114":0,"115":0,"116":0,"117":0,"118":0,"119":0,"120":0,"121":0,"122":0,"123":0,"124":0,"125":0,"126":0,"127":0,"128":0,"129":0,"130":0,"131":0,"132":0,"133":0,"134":0,"135":0,"136":0,"137":0},"f":{"0":0,"1":0,"2":0,"3":0,"4":0,"5":0,"6":0,"7":0,"8":0,"9":0,"10":0,"11":0,"12":0,"13":0,"14":0,"15":0,"16":0,"17":0,"18":0,"19":0,"20":0,"21":0,"22":0,"23":0,"24":0,"25":0,"26":0,"27":0,"28":0,"29":0,"30":0,"31":0,"32":0,"33":0,"34":0,"35":0,"36":0,"37":0,"38":0,"39":0,"40":0,"41":0,"42":0,"43":0,"44":0,"45":0,"46":0,"47":0,"48":0,"49":0,"50":0,"51":0},"b":{"0":[0],"1":[0,0],"2":[0,0],"3":[0,0],"4":[0,0],"5":[0,0],"6":[0,0],"7":[0,0],"8":[0,0],"9":[0,0],"10":[0,0],"11":[0,0],"12":[0,0],"13":[0,0],"14":[0,0],"15":[0,0],"16":[0,0],"17":[0,0],"18":[0,0],"19":[0,0],"20":[0,0],"21":[0,0],"22":[0,0],"23":[0,0],"24":[0,0],"25":[0,0],"26":[0,0]}}
}
