TN:
SF:src\App.vue
FNF:0
FNH:0
DA:8,0
LF:1
LH:0
BRF:0
BRH:0
end_of_record
TN:
SF:src\components\BaseMap.vue
FN:10,data
FN:18,handler
FN:23,mounted
FNF:3
FNH:0
FNDA:0,data
FNDA:0,handler
FNDA:0,mounted
DA:6,0
DA:11,0
DA:24,0
DA:26,0
DA:33,0
DA:34,0
DA:36,0
DA:40,0
DA:47,0
LF:9
LH:0
BRF:0
BRH:0
end_of_record
TN:
SF:src\components\GeoViewer.vue
FN:48,data
FN:60,tabs
FN:63,count
FN:66,mapLoaded
FN:69,getIsLandscape
FN:77,handler
FN:82,mounted
FN:88,handleBackBtn
FN:98,callback
FNF:9
FNH:0
FNDA:0,data
FNDA:0,tabs
FNDA:0,count
FNDA:0,mapLoaded
FNDA:0,getIsLandscape
FNDA:0,handler
FNDA:0,mounted
FNDA:0,handleBackBtn
FNDA:0,callback
DA:40,0
DA:41,0
DA:42,0
DA:50,0
DA:51,0
DA:61,0
DA:64,0
DA:67,0
DA:70,0
DA:78,0
DA:83,0
DA:84,0
DA:89,0
DA:90,0
DA:91,0
DA:92,0
DA:99,0
DA:100,0
DA:101,0
DA:102,0
LF:20
LH:0
BRDA:90,0,0,0
BRDA:90,0,1,0
BRDA:100,1,0,0
BRDA:100,1,1,0
BRF:4
BRH:0
end_of_record
TN:
SF:src\components\MapBox.vue
FN:46,geoJsonData
FN:50,geoJsonLayer
FN:67,created
FN:73,handleOnLoad
FNF:4
FNH:0
FNDA:0,geoJsonData
FNDA:0,geoJsonLayer
FNDA:0,created
FNDA:0,handleOnLoad
DA:22,0
DA:23,0
DA:24,0
DA:47,0
DA:51,0
DA:69,0
DA:74,0
LF:7
LH:0
BRF:0
BRH:0
end_of_record
TN:
SF:src\components\SideBar.vue
FN:42,mounted
FNF:1
FNH:1
FNDA:2,mounted
DA:23,1
DA:24,1
DA:25,1
DA:26,1
LF:4
LH:4
BRF:0
BRH:0
end_of_record
TN:
SF:src\components\SwtichOption.vue
FN:39,set
FN:42,get
FN:49,handleDisabledChange
FNF:3
FNH:0
FNDA:0,set
FNDA:0,get
FNDA:0,handleDisabledChange
DA:18,1
DA:19,1
DA:20,1
DA:21,1
DA:22,1
DA:40,0
DA:43,0
DA:44,0
DA:50,0
LF:9
LH:5
BRF:0
BRH:0
end_of_record
TN:
SF:src\components\filters\AutoComplete.vue
FN:60,data
FN:71,set
FN:74,get
FN:86,filterOption
FN:92,handleSelect
FNF:5
FNH:0
FNDA:0,data
FNDA:0,set
FNDA:0,get
FNDA:0,filterOption
FNDA:0,handleSelect
DA:50,1
DA:61,0
DA:72,0
DA:75,0
DA:76,0
DA:87,0
DA:93,0
LF:7
LH:1
BRF:0
BRH:0
end_of_record
TN:
SF:src\components\filters\CheckBox.vue
FN:19,set
FN:22,get
FNF:2
FNH:1
FNDA:0,set
FNDA:3,get
DA:7,2
DA:20,0
DA:23,3
DA:24,0
LF:4
LH:2
BRF:0
BRH:0
end_of_record
TN:
SF:src\components\filters\DoubleRange.vue
FN:35,set
FN:38,get
FN:46,handleDisabledChange
FNF:3
FNH:0
FNDA:0,set
FNDA:0,get
FNDA:0,handleDisabledChange
DA:18,2
DA:36,0
DA:39,0
DA:40,0
DA:47,0
LF:5
LH:1
BRF:0
BRH:0
end_of_record
TN:
SF:src\components\filters\RangePicker.vue
FN:20,data
FN:31,set
FN:34,get
FN:42,getCurrentStyle
FNF:4
FNH:2
FNDA:2,data
FNDA:0,set
FNDA:2,get
FNDA:0,getCurrentStyle
DA:14,2
DA:21,2
DA:32,0
DA:35,2
DA:36,0
DA:43,0
DA:44,0
DA:45,0
DA:46,0
DA:48,0
LF:10
LH:3
BRDA:44,0,0,0
BRDA:44,0,1,0
BRF:2
BRH:0
end_of_record
TN:
SF:src\store\store.js
FN:12,(anonymous_0)
FN:218,(anonymous_1)
FN:221,(anonymous_2)
FN:224,(anonymous_3)
FN:227,(anonymous_4)
FN:230,(anonymous_5)
FN:233,(anonymous_6)
FN:236,(anonymous_7)
FN:239,(anonymous_8)
FN:242,(anonymous_9)
FN:246,(anonymous_10)
FN:249,(anonymous_11)
FN:250,(anonymous_12)
FN:259,(anonymous_13)
FN:266,(anonymous_14)
FN:270,(anonymous_15)
FN:270,(anonymous_16)
FN:272,(anonymous_17)
FN:273,(anonymous_18)
FN:284,(anonymous_19)
FN:284,(anonymous_20)
FN:286,(anonymous_21)
FN:287,(anonymous_22)
FN:297,(anonymous_23)
FN:298,(anonymous_24)
FN:303,(anonymous_25)
FN:304,(anonymous_26)
FN:309,(anonymous_27)
FN:314,(anonymous_28)
FN:330,(anonymous_29)
FN:332,(anonymous_30)
FN:342,(anonymous_31)
FN:345,(anonymous_32)
FN:348,(anonymous_33)
FN:351,(anonymous_34)
FN:354,(anonymous_35)
FN:357,(anonymous_36)
FN:360,(anonymous_37)
FN:364,(anonymous_38)
FN:365,(anonymous_39)
FN:366,(anonymous_40)
FN:374,(anonymous_41)
FN:375,(anonymous_42)
FN:376,(anonymous_43)
FN:384,(anonymous_44)
FN:390,(anonymous_45)
FN:392,(anonymous_46)
FN:399,(anonymous_47)
FN:416,(anonymous_48)
FN:470,(anonymous_49)
FN:475,(anonymous_50)
FN:479,(anonymous_51)
FNF:52
FNH:0
FNDA:0,(anonymous_0)
FNDA:0,(anonymous_1)
FNDA:0,(anonymous_2)
FNDA:0,(anonymous_3)
FNDA:0,(anonymous_4)
FNDA:0,(anonymous_5)
FNDA:0,(anonymous_6)
FNDA:0,(anonymous_7)
FNDA:0,(anonymous_8)
FNDA:0,(anonymous_9)
FNDA:0,(anonymous_10)
FNDA:0,(anonymous_11)
FNDA:0,(anonymous_12)
FNDA:0,(anonymous_13)
FNDA:0,(anonymous_14)
FNDA:0,(anonymous_15)
FNDA:0,(anonymous_16)
FNDA:0,(anonymous_17)
FNDA:0,(anonymous_18)
FNDA:0,(anonymous_19)
FNDA:0,(anonymous_20)
FNDA:0,(anonymous_21)
FNDA:0,(anonymous_22)
FNDA:0,(anonymous_23)
FNDA:0,(anonymous_24)
FNDA:0,(anonymous_25)
FNDA:0,(anonymous_26)
FNDA:0,(anonymous_27)
FNDA:0,(anonymous_28)
FNDA:0,(anonymous_29)
FNDA:0,(anonymous_30)
FNDA:0,(anonymous_31)
FNDA:0,(anonymous_32)
FNDA:0,(anonymous_33)
FNDA:0,(anonymous_34)
FNDA:0,(anonymous_35)
FNDA:0,(anonymous_36)
FNDA:0,(anonymous_37)
FNDA:0,(anonymous_38)
FNDA:0,(anonymous_39)
FNDA:0,(anonymous_40)
FNDA:0,(anonymous_41)
FNDA:0,(anonymous_42)
FNDA:0,(anonymous_43)
FNDA:0,(anonymous_44)
FNDA:0,(anonymous_45)
FNDA:0,(anonymous_46)
FNDA:0,(anonymous_47)
FNDA:0,(anonymous_48)
FNDA:0,(anonymous_49)
FNDA:0,(anonymous_50)
FNDA:0,(anonymous_51)
DA:5,0
DA:12,0
DA:13,0
DA:14,0
DA:15,0
DA:16,0
DA:18,0
DA:21,0
DA:24,0
DA:219,0
DA:222,0
DA:225,0
DA:228,0
DA:231,0
DA:234,0
DA:237,0
DA:240,0
DA:243,0
DA:247,0
DA:249,0
DA:250,0
DA:251,0
DA:253,0
DA:254,0
DA:259,0
DA:260,0
DA:263,0
DA:267,0
DA:270,0
DA:272,0
DA:273,0
DA:274,0
DA:275,0
DA:276,0
DA:279,0
DA:281,0
DA:284,0
DA:286,0
DA:287,0
DA:288,0
DA:289,0
DA:290,0
DA:293,0
DA:295,0
DA:298,0
DA:299,0
DA:304,0
DA:305,0
DA:310,0
DA:311,0
DA:314,0
DA:315,0
DA:316,0
DA:318,0
DA:319,0
DA:320,0
DA:322,0
DA:325,0
DA:330,0
DA:331,0
DA:332,0
DA:333,0
DA:335,0
DA:338,0
DA:343,0
DA:346,0
DA:349,0
DA:352,0
DA:355,0
DA:358,0
DA:361,0
DA:365,0
DA:366,0
DA:367,0
DA:368,0
DA:375,0
DA:376,0
DA:377,0
DA:378,0
DA:385,0
DA:391,0
DA:392,0
DA:393,0
DA:394,0
DA:401,0
DA:407,0
DA:409,0
DA:416,0
DA:417,0
DA:418,0
DA:419,0
DA:422,0
DA:424,0
DA:425,0
DA:426,0
DA:427,0
DA:428,0
DA:431,0
DA:432,0
DA:433,0
DA:435,0
DA:436,0
DA:437,0
DA:438,0
DA:439,0
DA:440,0
DA:441,0
DA:442,0
DA:443,0
DA:444,0
DA:446,0
DA:447,0
DA:448,0
DA:449,0
DA:450,0
DA:451,0
DA:452,0
DA:453,0
DA:458,0
DA:459,0
DA:460,0
DA:465,0
DA:471,0
DA:473,0
DA:475,0
DA:476,0
DA:477,0
DA:479,0
DA:480,0
DA:481,0
DA:482,0
DA:483,0
DA:484,0
DA:485,0
DA:486,0
DA:487,0
DA:493,0
DA:495,0
LF:138
LH:0
BRDA:12,0,0,0
BRDA:15,1,0,0
BRDA:15,1,1,0
BRDA:251,2,0,0
BRDA:251,2,1,0
BRDA:253,3,0,0
BRDA:253,3,1,0
BRDA:253,4,0,0
BRDA:253,4,1,0
BRDA:260,5,0,0
BRDA:260,5,1,0
BRDA:274,6,0,0
BRDA:274,6,1,0
BRDA:288,7,0,0
BRDA:288,7,1,0
BRDA:318,8,0,0
BRDA:318,8,1,0
BRDA:319,9,0,0
BRDA:319,9,1,0
BRDA:367,10,0,0
BRDA:367,10,1,0
BRDA:377,11,0,0
BRDA:377,11,1,0
BRDA:393,12,0,0
BRDA:393,12,1,0
BRDA:422,13,0,0
BRDA:422,13,1,0
BRDA:424,14,0,0
BRDA:424,14,1,0
BRDA:425,15,0,0
BRDA:425,15,1,0
BRDA:431,16,0,0
BRDA:431,16,1,0
BRDA:435,17,0,0
BRDA:435,17,1,0
BRDA:436,18,0,0
BRDA:436,18,1,0
BRDA:437,19,0,0
BRDA:437,19,1,0
BRDA:446,20,0,0
BRDA:446,20,1,0
BRDA:458,21,0,0
BRDA:458,21,1,0
BRDA:481,22,0,0
BRDA:481,22,1,0
BRDA:482,23,0,0
BRDA:482,23,1,0
BRDA:483,24,0,0
BRDA:483,24,1,0
BRDA:484,25,0,0
BRDA:484,25,1,0
BRDA:486,26,0,0
BRDA:486,26,1,0
BRF:53
BRH:0
end_of_record
